<?xml version="1.0" encoding="UTF-8"?>
<testsuite xmlns:xsi="http://www.w3.org/2001/XMLSchema-instance" xsi:noNamespaceSchemaLocation="https://maven.apache.org/surefire/maven-surefire-plugin/xsd/surefire-test-report.xsd" name="com.linkshortener.LinkShortenerApplicationTests" time="9.274" tests="1" errors="0" skipped="0" failures="0">
  <properties>
    <property name="sun.desktop" value="windows"/>
    <property name="awt.toolkit" value="sun.awt.windows.WToolkit"/>
    <property name="file.encoding.pkg" value="sun.io"/>
    <property name="java.specification.version" value="1.8"/>
    <property name="sun.cpu.isalist" value="amd64"/>
    <property name="sun.jnu.encoding" value="Cp1250"/>
    <property name="java.class.path" value="E:\Projects\news-feed\target\test-classes;E:\Projects\news-feed\target\classes;C:\Users\Kamil\.m2\repository\org\springframework\boot\spring-boot-starter-data-rest\2.2.1.RELEASE\spring-boot-starter-data-rest-2.2.1.RELEASE.jar;C:\Users\Kamil\.m2\repository\org\springframework\data\spring-data-rest-webmvc\3.2.1.RELEASE\spring-data-rest-webmvc-3.2.1.RELEASE.jar;C:\Users\Kamil\.m2\repository\org\springframework\data\spring-data-rest-core\3.2.1.RELEASE\spring-data-rest-core-3.2.1.RELEASE.jar;C:\Users\Kamil\.m2\repository\org\springframework\hateoas\spring-hateoas\1.0.1.RELEASE\spring-hateoas-1.0.1.RELEASE.jar;C:\Users\Kamil\.m2\repository\org\springframework\plugin\spring-plugin-core\2.0.0.RELEASE\spring-plugin-core-2.0.0.RELEASE.jar;C:\Users\Kamil\.m2\repository\org\atteo\evo-inflector\1.2.2\evo-inflector-1.2.2.jar;C:\Users\Kamil\.m2\repository\com\fasterxml\jackson\core\jackson-databind\2.10.0\jackson-databind-2.10.0.jar;C:\Users\Kamil\.m2\repository\com\fasterxml\jackson\core\jackson-core\2.10.0\jackson-core-2.10.0.jar;C:\Users\Kamil\.m2\repository\com\fasterxml\jackson\core\jackson-annotations\2.10.0\jackson-annotations-2.10.0.jar;C:\Users\Kamil\.m2\repository\org\slf4j\slf4j-api\1.7.29\slf4j-api-1.7.29.jar;C:\Users\Kamil\.m2\repository\org\springframework\boot\spring-boot-starter-web\2.2.1.RELEASE\spring-boot-starter-web-2.2.1.RELEASE.jar;C:\Users\Kamil\.m2\repository\org\springframework\boot\spring-boot-starter\2.2.1.RELEASE\spring-boot-starter-2.2.1.RELEASE.jar;C:\Users\Kamil\.m2\repository\org\springframework\boot\spring-boot-starter-logging\2.2.1.RELEASE\spring-boot-starter-logging-2.2.1.RELEASE.jar;C:\Users\Kamil\.m2\repository\ch\qos\logback\logback-classic\1.2.3\logback-classic-1.2.3.jar;C:\Users\Kamil\.m2\repository\ch\qos\logback\logback-core\1.2.3\logback-core-1.2.3.jar;C:\Users\Kamil\.m2\repository\org\apache\logging\log4j\log4j-to-slf4j\2.12.1\log4j-to-slf4j-2.12.1.jar;C:\Users\Kamil\.m2\repository\org\apache\logging\log4j\log4j-api\2.12.1\log4j-api-2.12.1.jar;C:\Users\Kamil\.m2\repository\org\slf4j\jul-to-slf4j\1.7.29\jul-to-slf4j-1.7.29.jar;C:\Users\Kamil\.m2\repository\jakarta\annotation\jakarta.annotation-api\1.3.5\jakarta.annotation-api-1.3.5.jar;C:\Users\Kamil\.m2\repository\org\yaml\snakeyaml\1.25\snakeyaml-1.25.jar;C:\Users\Kamil\.m2\repository\org\springframework\boot\spring-boot-starter-json\2.2.1.RELEASE\spring-boot-starter-json-2.2.1.RELEASE.jar;C:\Users\Kamil\.m2\repository\com\fasterxml\jackson\datatype\jackson-datatype-jdk8\2.10.0\jackson-datatype-jdk8-2.10.0.jar;C:\Users\Kamil\.m2\repository\com\fasterxml\jackson\datatype\jackson-datatype-jsr310\2.10.0\jackson-datatype-jsr310-2.10.0.jar;C:\Users\Kamil\.m2\repository\com\fasterxml\jackson\module\jackson-module-parameter-names\2.10.0\jackson-module-parameter-names-2.10.0.jar;C:\Users\Kamil\.m2\repository\org\springframework\boot\spring-boot-starter-tomcat\2.2.1.RELEASE\spring-boot-starter-tomcat-2.2.1.RELEASE.jar;C:\Users\Kamil\.m2\repository\org\apache\tomcat\embed\tomcat-embed-core\9.0.27\tomcat-embed-core-9.0.27.jar;C:\Users\Kamil\.m2\repository\org\apache\tomcat\embed\tomcat-embed-el\9.0.27\tomcat-embed-el-9.0.27.jar;C:\Users\Kamil\.m2\repository\org\apache\tomcat\embed\tomcat-embed-websocket\9.0.27\tomcat-embed-websocket-9.0.27.jar;C:\Users\Kamil\.m2\repository\org\springframework\boot\spring-boot-starter-validation\2.2.1.RELEASE\spring-boot-starter-validation-2.2.1.RELEASE.jar;C:\Users\Kamil\.m2\repository\jakarta\validation\jakarta.validation-api\2.0.1\jakarta.validation-api-2.0.1.jar;C:\Users\Kamil\.m2\repository\org\hibernate\validator\hibernate-validator\6.0.18.Final\hibernate-validator-6.0.18.Final.jar;C:\Users\Kamil\.m2\repository\org\jboss\logging\jboss-logging\3.4.1.Final\jboss-logging-3.4.1.Final.jar;C:\Users\Kamil\.m2\repository\com\fasterxml\classmate\1.5.1\classmate-1.5.1.jar;C:\Users\Kamil\.m2\repository\org\springframework\spring-web\5.2.1.RELEASE\spring-web-5.2.1.RELEASE.jar;C:\Users\Kamil\.m2\repository\org\springframework\spring-beans\5.2.1.RELEASE\spring-beans-5.2.1.RELEASE.jar;C:\Users\Kamil\.m2\repository\org\springframework\spring-webmvc\5.2.1.RELEASE\spring-webmvc-5.2.1.RELEASE.jar;C:\Users\Kamil\.m2\repository\org\springframework\spring-aop\5.2.1.RELEASE\spring-aop-5.2.1.RELEASE.jar;C:\Users\Kamil\.m2\repository\org\springframework\spring-context\5.2.1.RELEASE\spring-context-5.2.1.RELEASE.jar;C:\Users\Kamil\.m2\repository\org\springframework\spring-expression\5.2.1.RELEASE\spring-expression-5.2.1.RELEASE.jar;C:\Users\Kamil\.m2\repository\org\springframework\boot\spring-boot-devtools\2.2.1.RELEASE\spring-boot-devtools-2.2.1.RELEASE.jar;C:\Users\Kamil\.m2\repository\org\springframework\boot\spring-boot\2.2.1.RELEASE\spring-boot-2.2.1.RELEASE.jar;C:\Users\Kamil\.m2\repository\org\springframework\boot\spring-boot-autoconfigure\2.2.1.RELEASE\spring-boot-autoconfigure-2.2.1.RELEASE.jar;C:\Users\Kamil\.m2\repository\org\springframework\boot\spring-boot-configuration-processor\2.2.1.RELEASE\spring-boot-configuration-processor-2.2.1.RELEASE.jar;C:\Users\Kamil\.m2\repository\org\projectlombok\lombok\1.16.16\lombok-1.16.16.jar;C:\Users\Kamil\.m2\repository\org\springframework\boot\spring-boot-starter-test\2.2.1.RELEASE\spring-boot-starter-test-2.2.1.RELEASE.jar;C:\Users\Kamil\.m2\repository\org\springframework\boot\spring-boot-test\2.2.1.RELEASE\spring-boot-test-2.2.1.RELEASE.jar;C:\Users\Kamil\.m2\repository\org\springframework\boot\spring-boot-test-autoconfigure\2.2.1.RELEASE\spring-boot-test-autoconfigure-2.2.1.RELEASE.jar;C:\Users\Kamil\.m2\repository\com\jayway\jsonpath\json-path\2.4.0\json-path-2.4.0.jar;C:\Users\Kamil\.m2\repository\net\minidev\json-smart\2.3\json-smart-2.3.jar;C:\Users\Kamil\.m2\repository\net\minidev\accessors-smart\1.2\accessors-smart-1.2.jar;C:\Users\Kamil\.m2\repository\org\ow2\asm\asm\5.0.4\asm-5.0.4.jar;C:\Users\Kamil\.m2\repository\jakarta\xml\bind\jakarta.xml.bind-api\2.3.2\jakarta.xml.bind-api-2.3.2.jar;C:\Users\Kamil\.m2\repository\jakarta\activation\jakarta.activation-api\1.2.1\jakarta.activation-api-1.2.1.jar;C:\Users\Kamil\.m2\repository\org\junit\jupiter\junit-jupiter\5.5.2\junit-jupiter-5.5.2.jar;C:\Users\Kamil\.m2\repository\org\junit\jupiter\junit-jupiter-api\5.5.2\junit-jupiter-api-5.5.2.jar;C:\Users\Kamil\.m2\repository\org\apiguardian\apiguardian-api\1.1.0\apiguardian-api-1.1.0.jar;C:\Users\Kamil\.m2\repository\org\opentest4j\opentest4j\1.2.0\opentest4j-1.2.0.jar;C:\Users\Kamil\.m2\repository\org\junit\platform\junit-platform-commons\1.5.2\junit-platform-commons-1.5.2.jar;C:\Users\Kamil\.m2\repository\org\junit\jupiter\junit-jupiter-params\5.5.2\junit-jupiter-params-5.5.2.jar;C:\Users\Kamil\.m2\repository\org\junit\jupiter\junit-jupiter-engine\5.5.2\junit-jupiter-engine-5.5.2.jar;C:\Users\Kamil\.m2\repository\org\junit\platform\junit-platform-engine\1.5.2\junit-platform-engine-1.5.2.jar;C:\Users\Kamil\.m2\repository\org\mockito\mockito-junit-jupiter\3.1.0\mockito-junit-jupiter-3.1.0.jar;C:\Users\Kamil\.m2\repository\org\assertj\assertj-core\3.13.2\assertj-core-3.13.2.jar;C:\Users\Kamil\.m2\repository\org\hamcrest\hamcrest\2.1\hamcrest-2.1.jar;C:\Users\Kamil\.m2\repository\org\mockito\mockito-core\3.1.0\mockito-core-3.1.0.jar;C:\Users\Kamil\.m2\repository\net\bytebuddy\byte-buddy\1.10.2\byte-buddy-1.10.2.jar;C:\Users\Kamil\.m2\repository\net\bytebuddy\byte-buddy-agent\1.10.2\byte-buddy-agent-1.10.2.jar;C:\Users\Kamil\.m2\repository\org\objenesis\objenesis\2.6\objenesis-2.6.jar;C:\Users\Kamil\.m2\repository\org\skyscreamer\jsonassert\1.5.0\jsonassert-1.5.0.jar;C:\Users\Kamil\.m2\repository\com\vaadin\external\google\android-json\0.0.20131108.vaadin1\android-json-0.0.20131108.vaadin1.jar;C:\Users\Kamil\.m2\repository\org\springframework\spring-core\5.2.1.RELEASE\spring-core-5.2.1.RELEASE.jar;C:\Users\Kamil\.m2\repository\org\springframework\spring-jcl\5.2.1.RELEASE\spring-jcl-5.2.1.RELEASE.jar;C:\Users\Kamil\.m2\repository\org\springframework\spring-test\5.2.1.RELEASE\spring-test-5.2.1.RELEASE.jar;C:\Users\Kamil\.m2\repository\org\xmlunit\xmlunit-core\2.6.3\xmlunit-core-2.6.3.jar;C:\Users\Kamil\.m2\repository\org\springdoc\springdoc-openapi-ui\1.1.44\springdoc-openapi-ui-1.1.44.jar;C:\Users\Kamil\.m2\repository\org\springdoc\springdoc-openapi-core\1.1.44\springdoc-openapi-core-1.1.44.jar;C:\Users\Kamil\.m2\repository\org\springdoc\springdoc-openapi-common\1.1.44\springdoc-openapi-common-1.1.44.jar;C:\Users\Kamil\.m2\repository\io\swagger\core\v3\swagger-models\2.0.9\swagger-models-2.0.9.jar;C:\Users\Kamil\.m2\repository\io\swagger\core\v3\swagger-annotations\2.0.9\swagger-annotations-2.0.9.jar;C:\Users\Kamil\.m2\repository\io\swagger\core\v3\swagger-integration\2.0.9\swagger-integration-2.0.9.jar;C:\Users\Kamil\.m2\repository\io\swagger\core\v3\swagger-core\2.0.9\swagger-core-2.0.9.jar;C:\Users\Kamil\.m2\repository\javax\xml\bind\jaxb-api\2.3.1\jaxb-api-2.3.1.jar;C:\Users\Kamil\.m2\repository\javax\activation\javax.activation-api\1.2.0\javax.activation-api-1.2.0.jar;C:\Users\Kamil\.m2\repository\com\fasterxml\jackson\dataformat\jackson-dataformat-yaml\2.10.0\jackson-dataformat-yaml-2.10.0.jar;C:\Users\Kamil\.m2\repository\javax\validation\validation-api\2.0.1.Final\validation-api-2.0.1.Final.jar;C:\Users\Kamil\.m2\repository\org\webjars\swagger-ui\3.23.5\swagger-ui-3.23.5.jar;C:\Users\Kamil\.m2\repository\org\webjars\webjars-locator\0.37\webjars-locator-0.37.jar;C:\Users\Kamil\.m2\repository\org\webjars\webjars-locator-core\0.41\webjars-locator-core-0.41.jar;C:\Users\Kamil\.m2\repository\io\github\classgraph\classgraph\4.8.44\classgraph-4.8.44.jar;C:\Users\Kamil\.m2\repository\org\webjars\npm\angular__http\2.4.10\angular__http-2.4.10.jar;C:\Users\Kamil\.m2\repository\org\apache\commons\commons-lang3\3.9\commons-lang3-3.9.jar;C:\Users\Kamil\.m2\repository\org\springframework\boot\spring-boot-starter-data-mongodb\2.2.1.RELEASE\spring-boot-starter-data-mongodb-2.2.1.RELEASE.jar;C:\Users\Kamil\.m2\repository\org\mongodb\mongodb-driver\3.11.2\mongodb-driver-3.11.2.jar;C:\Users\Kamil\.m2\repository\org\mongodb\bson\3.11.2\bson-3.11.2.jar;C:\Users\Kamil\.m2\repository\org\mongodb\mongodb-driver-core\3.11.2\mongodb-driver-core-3.11.2.jar;C:\Users\Kamil\.m2\repository\org\springframework\data\spring-data-mongodb\2.2.1.RELEASE\spring-data-mongodb-2.2.1.RELEASE.jar;C:\Users\Kamil\.m2\repository\org\springframework\spring-tx\5.2.1.RELEASE\spring-tx-5.2.1.RELEASE.jar;C:\Users\Kamil\.m2\repository\org\springframework\data\spring-data-commons\2.2.1.RELEASE\spring-data-commons-2.2.1.RELEASE.jar;C:\Users\Kamil\.m2\repository\eu\bitwalker\UserAgentUtils\1.20\UserAgentUtils-1.20.jar;"/>
    <property name="java.vm.vendor" value="Oracle Corporation"/>
    <property name="sun.arch.data.model" value="64"/>
    <property name="user.variant" value=""/>
    <property name="java.vendor.url" value="http://java.oracle.com/"/>
    <property name="user.timezone" value="Europe/Belgrade"/>
    <property name="java.vm.specification.version" value="1.8"/>
    <property name="os.name" value="Windows 8.1"/>
    <property name="user.country" value="PL"/>
    <property name="sun.java.launcher" value="SUN_STANDARD"/>
    <property name="sun.boot.library.path" value="C:\Program Files\Java\jdk1.8.0_102\jre\bin"/>
    <property name="sun.java.command" value="C:\Users\Kamil\AppData\Local\Temp\surefire6690733150614775135\surefirebooter7333026187992247287.jar C:\Users\Kamil\AppData\Local\Temp\surefire6690733150614775135 2020-02-26T22-55-19_485-jvmRun1 surefire4095675971398922581tmp surefire_07745444157241721675tmp"/>
    <property name="surefire.test.class.path" value="E:\Projects\news-feed\target\test-classes;E:\Projects\news-feed\target\classes;C:\Users\Kamil\.m2\repository\org\springframework\boot\spring-boot-starter-data-rest\2.2.1.RELEASE\spring-boot-starter-data-rest-2.2.1.RELEASE.jar;C:\Users\Kamil\.m2\repository\org\springframework\data\spring-data-rest-webmvc\3.2.1.RELEASE\spring-data-rest-webmvc-3.2.1.RELEASE.jar;C:\Users\Kamil\.m2\repository\org\springframework\data\spring-data-rest-core\3.2.1.RELEASE\spring-data-rest-core-3.2.1.RELEASE.jar;C:\Users\Kamil\.m2\repository\org\springframework\hateoas\spring-hateoas\1.0.1.RELEASE\spring-hateoas-1.0.1.RELEASE.jar;C:\Users\Kamil\.m2\repository\org\springframework\plugin\spring-plugin-core\2.0.0.RELEASE\spring-plugin-core-2.0.0.RELEASE.jar;C:\Users\Kamil\.m2\repository\org\atteo\evo-inflector\1.2.2\evo-inflector-1.2.2.jar;C:\Users\Kamil\.m2\repository\com\fasterxml\jackson\core\jackson-databind\2.10.0\jackson-databind-2.10.0.jar;C:\Users\Kamil\.m2\repository\com\fasterxml\jackson\core\jackson-core\2.10.0\jackson-core-2.10.0.jar;C:\Users\Kamil\.m2\repository\com\fasterxml\jackson\core\jackson-annotations\2.10.0\jackson-annotations-2.10.0.jar;C:\Users\Kamil\.m2\repository\org\slf4j\slf4j-api\1.7.29\slf4j-api-1.7.29.jar;C:\Users\Kamil\.m2\repository\org\springframework\boot\spring-boot-starter-web\2.2.1.RELEASE\spring-boot-starter-web-2.2.1.RELEASE.jar;C:\Users\Kamil\.m2\repository\org\springframework\boot\spring-boot-starter\2.2.1.RELEASE\spring-boot-starter-2.2.1.RELEASE.jar;C:\Users\Kamil\.m2\repository\org\springframework\boot\spring-boot-starter-logging\2.2.1.RELEASE\spring-boot-starter-logging-2.2.1.RELEASE.jar;C:\Users\Kamil\.m2\repository\ch\qos\logback\logback-classic\1.2.3\logback-classic-1.2.3.jar;C:\Users\Kamil\.m2\repository\ch\qos\logback\logback-core\1.2.3\logback-core-1.2.3.jar;C:\Users\Kamil\.m2\repository\org\apache\logging\log4j\log4j-to-slf4j\2.12.1\log4j-to-slf4j-2.12.1.jar;C:\Users\Kamil\.m2\repository\org\apache\logging\log4j\log4j-api\2.12.1\log4j-api-2.12.1.jar;C:\Users\Kamil\.m2\repository\org\slf4j\jul-to-slf4j\1.7.29\jul-to-slf4j-1.7.29.jar;C:\Users\Kamil\.m2\repository\jakarta\annotation\jakarta.annotation-api\1.3.5\jakarta.annotation-api-1.3.5.jar;C:\Users\Kamil\.m2\repository\org\yaml\snakeyaml\1.25\snakeyaml-1.25.jar;C:\Users\Kamil\.m2\repository\org\springframework\boot\spring-boot-starter-json\2.2.1.RELEASE\spring-boot-starter-json-2.2.1.RELEASE.jar;C:\Users\Kamil\.m2\repository\com\fasterxml\jackson\datatype\jackson-datatype-jdk8\2.10.0\jackson-datatype-jdk8-2.10.0.jar;C:\Users\Kamil\.m2\repository\com\fasterxml\jackson\datatype\jackson-datatype-jsr310\2.10.0\jackson-datatype-jsr310-2.10.0.jar;C:\Users\Kamil\.m2\repository\com\fasterxml\jackson\module\jackson-module-parameter-names\2.10.0\jackson-module-parameter-names-2.10.0.jar;C:\Users\Kamil\.m2\repository\org\springframework\boot\spring-boot-starter-tomcat\2.2.1.RELEASE\spring-boot-starter-tomcat-2.2.1.RELEASE.jar;C:\Users\Kamil\.m2\repository\org\apache\tomcat\embed\tomcat-embed-core\9.0.27\tomcat-embed-core-9.0.27.jar;C:\Users\Kamil\.m2\repository\org\apache\tomcat\embed\tomcat-embed-el\9.0.27\tomcat-embed-el-9.0.27.jar;C:\Users\Kamil\.m2\repository\org\apache\tomcat\embed\tomcat-embed-websocket\9.0.27\tomcat-embed-websocket-9.0.27.jar;C:\Users\Kamil\.m2\repository\org\springframework\boot\spring-boot-starter-validation\2.2.1.RELEASE\spring-boot-starter-validation-2.2.1.RELEASE.jar;C:\Users\Kamil\.m2\repository\jakarta\validation\jakarta.validation-api\2.0.1\jakarta.validation-api-2.0.1.jar;C:\Users\Kamil\.m2\repository\org\hibernate\validator\hibernate-validator\6.0.18.Final\hibernate-validator-6.0.18.Final.jar;C:\Users\Kamil\.m2\repository\org\jboss\logging\jboss-logging\3.4.1.Final\jboss-logging-3.4.1.Final.jar;C:\Users\Kamil\.m2\repository\com\fasterxml\classmate\1.5.1\classmate-1.5.1.jar;C:\Users\Kamil\.m2\repository\org\springframework\spring-web\5.2.1.RELEASE\spring-web-5.2.1.RELEASE.jar;C:\Users\Kamil\.m2\repository\org\springframework\spring-beans\5.2.1.RELEASE\spring-beans-5.2.1.RELEASE.jar;C:\Users\Kamil\.m2\repository\org\springframework\spring-webmvc\5.2.1.RELEASE\spring-webmvc-5.2.1.RELEASE.jar;C:\Users\Kamil\.m2\repository\org\springframework\spring-aop\5.2.1.RELEASE\spring-aop-5.2.1.RELEASE.jar;C:\Users\Kamil\.m2\repository\org\springframework\spring-context\5.2.1.RELEASE\spring-context-5.2.1.RELEASE.jar;C:\Users\Kamil\.m2\repository\org\springframework\spring-expression\5.2.1.RELEASE\spring-expression-5.2.1.RELEASE.jar;C:\Users\Kamil\.m2\repository\org\springframework\boot\spring-boot-devtools\2.2.1.RELEASE\spring-boot-devtools-2.2.1.RELEASE.jar;C:\Users\Kamil\.m2\repository\org\springframework\boot\spring-boot\2.2.1.RELEASE\spring-boot-2.2.1.RELEASE.jar;C:\Users\Kamil\.m2\repository\org\springframework\boot\spring-boot-autoconfigure\2.2.1.RELEASE\spring-boot-autoconfigure-2.2.1.RELEASE.jar;C:\Users\Kamil\.m2\repository\org\springframework\boot\spring-boot-configuration-processor\2.2.1.RELEASE\spring-boot-configuration-processor-2.2.1.RELEASE.jar;C:\Users\Kamil\.m2\repository\org\projectlombok\lombok\1.16.16\lombok-1.16.16.jar;C:\Users\Kamil\.m2\repository\org\springframework\boot\spring-boot-starter-test\2.2.1.RELEASE\spring-boot-starter-test-2.2.1.RELEASE.jar;C:\Users\Kamil\.m2\repository\org\springframework\boot\spring-boot-test\2.2.1.RELEASE\spring-boot-test-2.2.1.RELEASE.jar;C:\Users\Kamil\.m2\repository\org\springframework\boot\spring-boot-test-autoconfigure\2.2.1.RELEASE\spring-boot-test-autoconfigure-2.2.1.RELEASE.jar;C:\Users\Kamil\.m2\repository\com\jayway\jsonpath\json-path\2.4.0\json-path-2.4.0.jar;C:\Users\Kamil\.m2\repository\net\minidev\json-smart\2.3\json-smart-2.3.jar;C:\Users\Kamil\.m2\repository\net\minidev\accessors-smart\1.2\accessors-smart-1.2.jar;C:\Users\Kamil\.m2\repository\org\ow2\asm\asm\5.0.4\asm-5.0.4.jar;C:\Users\Kamil\.m2\repository\jakarta\xml\bind\jakarta.xml.bind-api\2.3.2\jakarta.xml.bind-api-2.3.2.jar;C:\Users\Kamil\.m2\repository\jakarta\activation\jakarta.activation-api\1.2.1\jakarta.activation-api-1.2.1.jar;C:\Users\Kamil\.m2\repository\org\junit\jupiter\junit-jupiter\5.5.2\junit-jupiter-5.5.2.jar;C:\Users\Kamil\.m2\repository\org\junit\jupiter\junit-jupiter-api\5.5.2\junit-jupiter-api-5.5.2.jar;C:\Users\Kamil\.m2\repository\org\apiguardian\apiguardian-api\1.1.0\apiguardian-api-1.1.0.jar;C:\Users\Kamil\.m2\repository\org\opentest4j\opentest4j\1.2.0\opentest4j-1.2.0.jar;C:\Users\Kamil\.m2\repository\org\junit\platform\junit-platform-commons\1.5.2\junit-platform-commons-1.5.2.jar;C:\Users\Kamil\.m2\repository\org\junit\jupiter\junit-jupiter-params\5.5.2\junit-jupiter-params-5.5.2.jar;C:\Users\Kamil\.m2\repository\org\junit\jupiter\junit-jupiter-engine\5.5.2\junit-jupiter-engine-5.5.2.jar;C:\Users\Kamil\.m2\repository\org\junit\platform\junit-platform-engine\1.5.2\junit-platform-engine-1.5.2.jar;C:\Users\Kamil\.m2\repository\org\mockito\mockito-junit-jupiter\3.1.0\mockito-junit-jupiter-3.1.0.jar;C:\Users\Kamil\.m2\repository\org\assertj\assertj-core\3.13.2\assertj-core-3.13.2.jar;C:\Users\Kamil\.m2\repository\org\hamcrest\hamcrest\2.1\hamcrest-2.1.jar;C:\Users\Kamil\.m2\repository\org\mockito\mockito-core\3.1.0\mockito-core-3.1.0.jar;C:\Users\Kamil\.m2\repository\net\bytebuddy\byte-buddy\1.10.2\byte-buddy-1.10.2.jar;C:\Users\Kamil\.m2\repository\net\bytebuddy\byte-buddy-agent\1.10.2\byte-buddy-agent-1.10.2.jar;C:\Users\Kamil\.m2\repository\org\objenesis\objenesis\2.6\objenesis-2.6.jar;C:\Users\Kamil\.m2\repository\org\skyscreamer\jsonassert\1.5.0\jsonassert-1.5.0.jar;C:\Users\Kamil\.m2\repository\com\vaadin\external\google\android-json\0.0.20131108.vaadin1\android-json-0.0.20131108.vaadin1.jar;C:\Users\Kamil\.m2\repository\org\springframework\spring-core\5.2.1.RELEASE\spring-core-5.2.1.RELEASE.jar;C:\Users\Kamil\.m2\repository\org\springframework\spring-jcl\5.2.1.RELEASE\spring-jcl-5.2.1.RELEASE.jar;C:\Users\Kamil\.m2\repository\org\springframework\spring-test\5.2.1.RELEASE\spring-test-5.2.1.RELEASE.jar;C:\Users\Kamil\.m2\repository\org\xmlunit\xmlunit-core\2.6.3\xmlunit-core-2.6.3.jar;C:\Users\Kamil\.m2\repository\org\springdoc\springdoc-openapi-ui\1.1.44\springdoc-openapi-ui-1.1.44.jar;C:\Users\Kamil\.m2\repository\org\springdoc\springdoc-openapi-core\1.1.44\springdoc-openapi-core-1.1.44.jar;C:\Users\Kamil\.m2\repository\org\springdoc\springdoc-openapi-common\1.1.44\springdoc-openapi-common-1.1.44.jar;C:\Users\Kamil\.m2\repository\io\swagger\core\v3\swagger-models\2.0.9\swagger-models-2.0.9.jar;C:\Users\Kamil\.m2\repository\io\swagger\core\v3\swagger-annotations\2.0.9\swagger-annotations-2.0.9.jar;C:\Users\Kamil\.m2\repository\io\swagger\core\v3\swagger-integration\2.0.9\swagger-integration-2.0.9.jar;C:\Users\Kamil\.m2\repository\io\swagger\core\v3\swagger-core\2.0.9\swagger-core-2.0.9.jar;C:\Users\Kamil\.m2\repository\javax\xml\bind\jaxb-api\2.3.1\jaxb-api-2.3.1.jar;C:\Users\Kamil\.m2\repository\javax\activation\javax.activation-api\1.2.0\javax.activation-api-1.2.0.jar;C:\Users\Kamil\.m2\repository\com\fasterxml\jackson\dataformat\jackson-dataformat-yaml\2.10.0\jackson-dataformat-yaml-2.10.0.jar;C:\Users\Kamil\.m2\repository\javax\validation\validation-api\2.0.1.Final\validation-api-2.0.1.Final.jar;C:\Users\Kamil\.m2\repository\org\webjars\swagger-ui\3.23.5\swagger-ui-3.23.5.jar;C:\Users\Kamil\.m2\repository\org\webjars\webjars-locator\0.37\webjars-locator-0.37.jar;C:\Users\Kamil\.m2\repository\org\webjars\webjars-locator-core\0.41\webjars-locator-core-0.41.jar;C:\Users\Kamil\.m2\repository\io\github\classgraph\classgraph\4.8.44\classgraph-4.8.44.jar;C:\Users\Kamil\.m2\repository\org\webjars\npm\angular__http\2.4.10\angular__http-2.4.10.jar;C:\Users\Kamil\.m2\repository\org\apache\commons\commons-lang3\3.9\commons-lang3-3.9.jar;C:\Users\Kamil\.m2\repository\org\springframework\boot\spring-boot-starter-data-mongodb\2.2.1.RELEASE\spring-boot-starter-data-mongodb-2.2.1.RELEASE.jar;C:\Users\Kamil\.m2\repository\org\mongodb\mongodb-driver\3.11.2\mongodb-driver-3.11.2.jar;C:\Users\Kamil\.m2\repository\org\mongodb\bson\3.11.2\bson-3.11.2.jar;C:\Users\Kamil\.m2\repository\org\mongodb\mongodb-driver-core\3.11.2\mongodb-driver-core-3.11.2.jar;C:\Users\Kamil\.m2\repository\org\springframework\data\spring-data-mongodb\2.2.1.RELEASE\spring-data-mongodb-2.2.1.RELEASE.jar;C:\Users\Kamil\.m2\repository\org\springframework\spring-tx\5.2.1.RELEASE\spring-tx-5.2.1.RELEASE.jar;C:\Users\Kamil\.m2\repository\org\springframework\data\spring-data-commons\2.2.1.RELEASE\spring-data-commons-2.2.1.RELEASE.jar;C:\Users\Kamil\.m2\repository\eu\bitwalker\UserAgentUtils\1.20\UserAgentUtils-1.20.jar;"/>
    <property name="sun.cpu.endian" value="little"/>
    <property name="user.home" value="C:\Users\Kamil"/>
    <property name="user.language" value="pl"/>
    <property name="java.specification.vendor" value="Oracle Corporation"/>
    <property name="java.home" value="C:\Program Files\Java\jdk1.8.0_102\jre"/>
    <property name="basedir" value="E:\Projects\news-feed"/>
    <property name="file.separator" value="\"/>
    <property name="line.separator" value="&#10;"/>
    <property name="java.vm.specification.vendor" value="Oracle Corporation"/>
    <property name="java.specification.name" value="Java Platform API Specification"/>
    <property name="java.awt.graphicsenv" value="sun.awt.Win32GraphicsEnvironment"/>
    <property name="surefire.real.class.path" value="C:\Users\Kamil\AppData\Local\Temp\surefire6690733150614775135\surefirebooter7333026187992247287.jar"/>
    <property name="sun.boot.class.path" value="C:\Program Files\Java\jdk1.8.0_102\jre\lib\resources.jar;C:\Program Files\Java\jdk1.8.0_102\jre\lib\rt.jar;C:\Program Files\Java\jdk1.8.0_102\jre\lib\sunrsasign.jar;C:\Program Files\Java\jdk1.8.0_102\jre\lib\jsse.jar;C:\Program Files\Java\jdk1.8.0_102\jre\lib\jce.jar;C:\Program Files\Java\jdk1.8.0_102\jre\lib\charsets.jar;C:\Program Files\Java\jdk1.8.0_102\jre\lib\jfr.jar;C:\Program Files\Java\jdk1.8.0_102\jre\classes"/>
    <property name="user.script" value=""/>
    <property name="sun.management.compiler" value="HotSpot 64-Bit Tiered Compilers"/>
    <property name="java.runtime.version" value="1.8.0_102-b14"/>
    <property name="user.name" value="Kamil"/>
    <property name="path.separator" value=";"/>
    <property name="os.version" value="6.3"/>
    <property name="java.endorsed.dirs" value="C:\Program Files\Java\jdk1.8.0_102\jre\lib\endorsed"/>
    <property name="java.runtime.name" value="Java(TM) SE Runtime Environment"/>
    <property name="file.encoding" value="Cp1250"/>
    <property name="java.vm.name" value="Java HotSpot(TM) 64-Bit Server VM"/>
    <property name="localRepository" value="C:\Users\Kamil\.m2\repository"/>
    <property name="java.vendor.url.bug" value="http://bugreport.sun.com/bugreport/"/>
    <property name="java.io.tmpdir" value="C:\Users\Kamil\AppData\Local\Temp\"/>
    <property name="java.version" value="1.8.0_102"/>
    <property name="user.dir" value="E:\Projects\news-feed"/>
    <property name="os.arch" value="amd64"/>
    <property name="java.vm.specification.name" value="Java Virtual Machine Specification"/>
    <property name="java.awt.printerjob" value="sun.awt.windows.WPrinterJob"/>
    <property name="sun.os.patch.level" value=""/>
    <property name="idea.version2019.1.1" value="true"/>
    <property name="java.library.path" value="C:\Program Files\Java\jdk1.8.0_102\jre\bin;C:\Windows\Sun\Java\bin;C:\Windows\system32;C:\Windows;C:\Program Files\Microsoft MPI\Bin\;C:\ProgramData\Oracle\Java\javapath;C:\Program Files\Java\jdk1.8.0_102\bin;C:\Program Files (x86)\Windows Kits\10\Windows Performance Toolkit\;C:\Program Files (x86)\Bitvise SSH Client\;C:\Program Files (x86)\Dev-Cpp\MinGW64\x86_64-w64-mingw32\bin\;C:\Program Files\apache-maven-3.6.3\bin\bin;C:\Program Files (x86)\Skype\Phone\;C:\Program Files\Git\cmd;C:\Program Files (x86)\Brackets\command;C:\Program Files\nodejs\;C:\Program Files (x86)\sbt\bin;C:\Program Files\nodejs\node_modules\npm\bin;C:\Program Files\nodejs\npm.cmd;C:\Program Files\Common Files\Autodesk Shared\;C:\Users\Kamil\AppData\Local\Programs\Python\Python37\Scripts\;C:\Users\Kamil\AppData\Local\Programs\Python\Python37\;C:\Users\Kamil\AppData\Local\Programs\Python\Python38\Scripts\;C:\Users\Kamil\AppData\Local\Programs\Python\Python38\;C:\Users\Kamil\AppData\Local\Programs\Python\Python37-32\Scripts\;C:\Users\Kamil\AppData\Local\Programs\Python\Python37-32\;C:\Cocos\Cocos2d-x\Cocos2d-x-3.10\templates;C:\Cocos\Cocos2d-x\Cocos2d-x-3.10\tools\cocos2d-console\bin;C:\Users\Kamil\AppData\Local\atom\bin\;C:\Program Files (x86)\Dev-Cpp\MinGW64\x86_64-w64-mingw32\bin\;C:\Users\Kamil\AppData\Local\atom\bin;C:\Users\Kamil\AppData\Roaming\npm;C:\Users\Kamil\AppData\Local\Programs\Microsoft VS Code\bin;C:\Program Files\apache-maven-3.6.3\bin;."/>
    <property name="java.vm.info" value="mixed mode"/>
    <property name="java.vendor" value="Oracle Corporation"/>
    <property name="java.vm.version" value="25.102-b14"/>
    <property name="java.ext.dirs" value="C:\Program Files\Java\jdk1.8.0_102\jre\lib\ext;C:\Windows\Sun\Java\lib\ext"/>
    <property name="sun.io.unicode.encoding" value="UnicodeLittle"/>
    <property name="java.class.version" value="52.0"/>
  </properties>
  <testcase name="contextLoads" classname="com.linkshortener.LinkShortenerApplicationTests" time="0.429"/>
</testsuite>